time="2021-11-01T16:55:35Z" level=debug msg="OpenShift Installer 4.9.0"
time="2021-11-01T16:55:35Z" level=debug msg="Built from commit 6e5b992ba719dd4ea2d0c2a8b08ecad45179e553"
time="2021-11-01T16:55:35Z" level=debug msg="Fetching Install Config..."
time="2021-11-01T16:55:35Z" level=debug msg="Loading Install Config..."
time="2021-11-01T16:55:35Z" level=debug msg="  Loading SSH Key..."
time="2021-11-01T16:55:35Z" level=debug msg="  Loading Base Domain..."
time="2021-11-01T16:55:35Z" level=debug msg="    Loading Platform..."
time="2021-11-01T16:55:35Z" level=debug msg="  Loading Cluster Name..."
time="2021-11-01T16:55:35Z" level=debug msg="    Loading Base Domain..."
time="2021-11-01T16:55:35Z" level=debug msg="    Loading Platform..."
time="2021-11-01T16:55:35Z" level=debug msg="  Loading Networking..."
time="2021-11-01T16:55:35Z" level=debug msg="    Loading Platform..."
time="2021-11-01T16:55:35Z" level=debug msg="  Loading Pull Secret..."
time="2021-11-01T16:55:35Z" level=debug msg="  Loading Platform..."
time="2021-11-01T16:55:35Z" level=debug msg="  Fetching SSH Key..."
time="2021-11-01T16:55:35Z" level=debug msg="  Generating SSH Key..."
time="2021-11-01T16:55:37Z" level=debug msg="  Fetching Base Domain..."
time="2021-11-01T16:55:37Z" level=debug msg="    Fetching Platform..."
time="2021-11-01T16:55:37Z" level=debug msg="    Generating Platform..."
time="2021-11-01T16:56:12Z" level=debug msg="  Generating Base Domain..."
time="2021-11-01T16:56:19Z" level=debug msg="  Fetching Cluster Name..."
time="2021-11-01T16:56:19Z" level=debug msg="    Fetching Base Domain..."
time="2021-11-01T16:56:19Z" level=debug msg="    Reusing previously-fetched Base Domain"
time="2021-11-01T16:56:19Z" level=debug msg="    Fetching Platform..."
time="2021-11-01T16:56:19Z" level=debug msg="    Reusing previously-fetched Platform"
time="2021-11-01T16:56:19Z" level=debug msg="  Generating Cluster Name..."
time="2021-11-01T16:56:23Z" level=debug msg="  Fetching Networking..."
time="2021-11-01T16:56:23Z" level=debug msg="    Fetching Platform..."
time="2021-11-01T16:56:23Z" level=debug msg="    Reusing previously-fetched Platform"
time="2021-11-01T16:56:23Z" level=debug msg="  Generating Networking..."
time="2021-11-01T16:56:23Z" level=debug msg="  Fetching Pull Secret..."
time="2021-11-01T16:56:23Z" level=debug msg="  Generating Pull Secret..."
time="2021-11-01T16:56:57Z" level=debug msg="  Fetching Platform..."
time="2021-11-01T16:56:57Z" level=debug msg="  Reusing previously-fetched Platform"
time="2021-11-01T16:56:57Z" level=debug msg="Generating Install Config..."
time="2021-11-01T16:57:01Z" level=info msg="Install-Config created in: install-dir"
time="2021-11-01T16:57:37Z" level=debug msg="OpenShift Installer 4.9.0"
time="2021-11-01T16:57:37Z" level=debug msg="Built from commit 6e5b992ba719dd4ea2d0c2a8b08ecad45179e553"
time="2021-11-01T16:57:37Z" level=debug msg="Fetching Master Machines..."
time="2021-11-01T16:57:37Z" level=debug msg="Loading Master Machines..."
time="2021-11-01T16:57:37Z" level=debug msg="  Loading Cluster ID..."
time="2021-11-01T16:57:37Z" level=debug msg="    Loading Install Config..."
time="2021-11-01T16:57:37Z" level=debug msg="      Loading SSH Key..."
time="2021-11-01T16:57:37Z" level=debug msg="      Using SSH Key loaded from state file"
time="2021-11-01T16:57:37Z" level=debug msg="      Loading Base Domain..."
time="2021-11-01T16:57:37Z" level=debug msg="        Loading Platform..."
time="2021-11-01T16:57:37Z" level=debug msg="        Using Platform loaded from state file"
time="2021-11-01T16:57:37Z" level=debug msg="      Using Base Domain loaded from state file"
time="2021-11-01T16:57:37Z" level=debug msg="      Loading Cluster Name..."
time="2021-11-01T16:57:37Z" level=debug msg="        Loading Base Domain..."
time="2021-11-01T16:57:37Z" level=debug msg="        Loading Platform..."
time="2021-11-01T16:57:37Z" level=debug msg="      Using Cluster Name loaded from state file"
time="2021-11-01T16:57:37Z" level=debug msg="      Loading Networking..."
time="2021-11-01T16:57:37Z" level=debug msg="        Loading Platform..."
time="2021-11-01T16:57:37Z" level=debug msg="      Using Networking loaded from state file"
time="2021-11-01T16:57:37Z" level=debug msg="      Loading Pull Secret..."
time="2021-11-01T16:57:37Z" level=debug msg="      Using Pull Secret loaded from state file"
time="2021-11-01T16:57:37Z" level=debug msg="      Loading Platform..."
time="2021-11-01T16:57:41Z" level=debug msg="    Loading Install Config from both state file and target directory"
time="2021-11-01T16:57:41Z" level=debug msg="    Using Install Config loaded from target directory"
time="2021-11-01T16:57:41Z" level=debug msg="  Loading Platform Credentials Check..."
time="2021-11-01T16:57:41Z" level=debug msg="    Loading Install Config..."
time="2021-11-01T16:57:41Z" level=debug msg="  Loading Install Config..."
time="2021-11-01T16:57:41Z" level=debug msg="  Loading Image..."
time="2021-11-01T16:57:41Z" level=debug msg="    Loading Install Config..."
time="2021-11-01T16:57:41Z" level=debug msg="  Loading Master Ignition Config..."
time="2021-11-01T16:57:41Z" level=debug msg="    Loading Install Config..."
time="2021-11-01T16:57:41Z" level=debug msg="    Loading Root CA..."
time="2021-11-01T16:57:41Z" level=debug msg="  Fetching Cluster ID..."
time="2021-11-01T16:57:41Z" level=debug msg="    Fetching Install Config..."
time="2021-11-01T16:57:41Z" level=debug msg="    Reusing previously-fetched Install Config"
time="2021-11-01T16:57:41Z" level=debug msg="  Generating Cluster ID..."
time="2021-11-01T16:57:41Z" level=debug msg="  Fetching Platform Credentials Check..."
time="2021-11-01T16:57:41Z" level=debug msg="    Fetching Install Config..."
time="2021-11-01T16:57:41Z" level=debug msg="    Reusing previously-fetched Install Config"
time="2021-11-01T16:57:41Z" level=debug msg="  Generating Platform Credentials Check..."
time="2021-11-01T16:57:41Z" level=info msg="Credentials loaded from file \"/home/stack/.config/openstack/clouds.yaml\""
time="2021-11-01T16:57:41Z" level=debug msg="  Fetching Install Config..."
time="2021-11-01T16:57:41Z" level=debug msg="  Reusing previously-fetched Install Config"
time="2021-11-01T16:57:41Z" level=debug msg="  Fetching Image..."
time="2021-11-01T16:57:41Z" level=debug msg="    Fetching Install Config..."
time="2021-11-01T16:57:41Z" level=debug msg="    Reusing previously-fetched Install Config"
time="2021-11-01T16:57:41Z" level=debug msg="  Generating Image..."
time="2021-11-01T16:57:41Z" level=debug msg="  Fetching Master Ignition Config..."
time="2021-11-01T16:57:41Z" level=debug msg="    Fetching Install Config..."
time="2021-11-01T16:57:41Z" level=debug msg="    Reusing previously-fetched Install Config"
time="2021-11-01T16:57:41Z" level=debug msg="    Fetching Root CA..."
time="2021-11-01T16:57:41Z" level=debug msg="    Generating Root CA..."
time="2021-11-01T16:57:41Z" level=debug msg="  Generating Master Ignition Config..."
time="2021-11-01T16:57:41Z" level=debug msg="Generating Master Machines..."
time="2021-11-01T16:57:42Z" level=info msg="Consuming Install Config from target directory"
time="2021-11-01T16:57:42Z" level=debug msg="Purging asset \"Install Config\" from disk"
time="2021-11-01T16:57:42Z" level=debug msg="Fetching Worker Machines..."
time="2021-11-01T16:57:42Z" level=debug msg="Loading Worker Machines..."
time="2021-11-01T16:57:42Z" level=debug msg="  Loading Cluster ID..."
time="2021-11-01T16:57:42Z" level=debug msg="  Loading Platform Credentials Check..."
time="2021-11-01T16:57:42Z" level=debug msg="  Loading Install Config..."
time="2021-11-01T16:57:42Z" level=debug msg="  Loading Image..."
time="2021-11-01T16:57:42Z" level=debug msg="  Loading Worker Ignition Config..."
time="2021-11-01T16:57:42Z" level=debug msg="    Loading Install Config..."
time="2021-11-01T16:57:42Z" level=debug msg="    Loading Root CA..."
time="2021-11-01T16:57:42Z" level=debug msg="  Fetching Cluster ID..."
time="2021-11-01T16:57:42Z" level=debug msg="  Reusing previously-fetched Cluster ID"
time="2021-11-01T16:57:42Z" level=debug msg="  Fetching Platform Credentials Check..."
time="2021-11-01T16:57:42Z" level=debug msg="  Reusing previously-fetched Platform Credentials Check"
time="2021-11-01T16:57:42Z" level=debug msg="  Fetching Install Config..."
time="2021-11-01T16:57:42Z" level=debug msg="  Reusing previously-fetched Install Config"
time="2021-11-01T16:57:42Z" level=debug msg="  Fetching Image..."
time="2021-11-01T16:57:42Z" level=debug msg="  Reusing previously-fetched Image"
time="2021-11-01T16:57:42Z" level=debug msg="  Fetching Worker Ignition Config..."
time="2021-11-01T16:57:42Z" level=debug msg="    Fetching Install Config..."
time="2021-11-01T16:57:42Z" level=debug msg="    Reusing previously-fetched Install Config"
time="2021-11-01T16:57:42Z" level=debug msg="    Fetching Root CA..."
time="2021-11-01T16:57:42Z" level=debug msg="    Reusing previously-fetched Root CA"
time="2021-11-01T16:57:42Z" level=debug msg="  Generating Worker Ignition Config..."
time="2021-11-01T16:57:42Z" level=debug msg="Generating Worker Machines..."
time="2021-11-01T16:57:42Z" level=debug msg="Fetching Common Manifests..."
time="2021-11-01T16:57:42Z" level=debug msg="Loading Common Manifests..."
time="2021-11-01T16:57:42Z" level=debug msg="  Loading Cluster ID..."
time="2021-11-01T16:57:42Z" level=debug msg="  Loading Install Config..."
time="2021-11-01T16:57:42Z" level=debug msg="  Loading Ingress Config..."
time="2021-11-01T16:57:42Z" level=debug msg="    Loading Install Config..."
time="2021-11-01T16:57:42Z" level=debug msg="  Loading DNS Config..."
time="2021-11-01T16:57:42Z" level=debug msg="    Loading Install Config..."
time="2021-11-01T16:57:42Z" level=debug msg="    Loading Cluster ID..."
time="2021-11-01T16:57:42Z" level=debug msg="    Loading Platform Credentials Check..."
time="2021-11-01T16:57:42Z" level=debug msg="  Loading Infrastructure Config..."
time="2021-11-01T16:57:42Z" level=debug msg="    Loading Cluster ID..."
time="2021-11-01T16:57:42Z" level=debug msg="    Loading Install Config..."
time="2021-11-01T16:57:42Z" level=debug msg="    Loading Cloud Provider Config..."
time="2021-11-01T16:57:42Z" level=debug msg="      Loading Install Config..."
time="2021-11-01T16:57:42Z" level=debug msg="      Loading Cluster ID..."
time="2021-11-01T16:57:42Z" level=debug msg="      Loading Platform Credentials Check..."
time="2021-11-01T16:57:42Z" level=debug msg="    Loading Additional Trust Bundle Config..."
time="2021-11-01T16:57:42Z" level=debug msg="      Loading Install Config..."
time="2021-11-01T16:57:42Z" level=debug msg="  Loading Network Config..."
time="2021-11-01T16:57:42Z" level=debug msg="    Loading Install Config..."
time="2021-11-01T16:57:42Z" level=debug msg="    Loading Network CRDs..."
time="2021-11-01T16:57:42Z" level=debug msg="  Loading Proxy Config..."
time="2021-11-01T16:57:42Z" level=debug msg="    Loading Install Config..."
time="2021-11-01T16:57:42Z" level=debug msg="    Loading Network Config..."
time="2021-11-01T16:57:42Z" level=debug msg="  Loading Scheduler Config..."
time="2021-11-01T16:57:42Z" level=debug msg="    Loading Install Config..."
time="2021-11-01T16:57:42Z" level=debug msg="  Loading Image Content Source Policy..."
time="2021-11-01T16:57:42Z" level=debug msg="    Loading Install Config..."
time="2021-11-01T16:57:42Z" level=debug msg="  Loading Root CA..."
time="2021-11-01T16:57:42Z" level=debug msg="  Loading Certificate (mcs)..."
time="2021-11-01T16:57:42Z" level=debug msg="    Loading Root CA..."
time="2021-11-01T16:57:42Z" level=debug msg="    Loading Install Config..."
time="2021-11-01T16:57:42Z" level=debug msg="  Loading CVOOverrides..."
time="2021-11-01T16:57:42Z" level=debug msg="  Loading KubeCloudConfig..."
time="2021-11-01T16:57:42Z" level=debug msg="  Loading KubeSystemConfigmapRootCA..."
time="2021-11-01T16:57:42Z" level=debug msg="  Loading MachineConfigServerTLSSecret..."
time="2021-11-01T16:57:42Z" level=debug msg="  Loading OpenshiftConfigSecretPullSecret..."
time="2021-11-01T16:57:42Z" level=debug msg="  Loading OpenshiftMachineConfigOperator..."
time="2021-11-01T16:57:42Z" level=debug msg="  Loading KubevirtInfraNamespace..."
time="2021-11-01T16:57:42Z" level=debug msg="  Fetching Cluster ID..."
time="2021-11-01T16:57:42Z" level=debug msg="  Reusing previously-fetched Cluster ID"
time="2021-11-01T16:57:42Z" level=debug msg="  Fetching Install Config..."
time="2021-11-01T16:57:42Z" level=debug msg="  Reusing previously-fetched Install Config"
time="2021-11-01T16:57:42Z" level=debug msg="  Fetching Ingress Config..."
time="2021-11-01T16:57:42Z" level=debug msg="    Fetching Install Config..."
time="2021-11-01T16:57:42Z" level=debug msg="    Reusing previously-fetched Install Config"
time="2021-11-01T16:57:42Z" level=debug msg="  Generating Ingress Config..."
time="2021-11-01T16:57:42Z" level=debug msg="  Fetching DNS Config..."
time="2021-11-01T16:57:42Z" level=debug msg="    Fetching Install Config..."
time="2021-11-01T16:57:42Z" level=debug msg="    Reusing previously-fetched Install Config"
time="2021-11-01T16:57:42Z" level=debug msg="    Fetching Cluster ID..."
time="2021-11-01T16:57:42Z" level=debug msg="    Reusing previously-fetched Cluster ID"
time="2021-11-01T16:57:42Z" level=debug msg="    Fetching Platform Credentials Check..."
time="2021-11-01T16:57:42Z" level=debug msg="    Reusing previously-fetched Platform Credentials Check"
time="2021-11-01T16:57:42Z" level=debug msg="  Generating DNS Config..."
time="2021-11-01T16:57:42Z" level=debug msg="  Fetching Infrastructure Config..."
time="2021-11-01T16:57:42Z" level=debug msg="    Fetching Cluster ID..."
time="2021-11-01T16:57:42Z" level=debug msg="    Reusing previously-fetched Cluster ID"
time="2021-11-01T16:57:42Z" level=debug msg="    Fetching Install Config..."
time="2021-11-01T16:57:42Z" level=debug msg="    Reusing previously-fetched Install Config"
time="2021-11-01T16:57:42Z" level=debug msg="    Fetching Cloud Provider Config..."
time="2021-11-01T16:57:42Z" level=debug msg="      Fetching Install Config..."
time="2021-11-01T16:57:42Z" level=debug msg="      Reusing previously-fetched Install Config"
time="2021-11-01T16:57:42Z" level=debug msg="      Fetching Cluster ID..."
time="2021-11-01T16:57:42Z" level=debug msg="      Reusing previously-fetched Cluster ID"
time="2021-11-01T16:57:42Z" level=debug msg="      Fetching Platform Credentials Check..."
time="2021-11-01T16:57:42Z" level=debug msg="      Reusing previously-fetched Platform Credentials Check"
time="2021-11-01T16:57:42Z" level=debug msg="    Generating Cloud Provider Config..."
time="2021-11-01T16:57:42Z" level=debug msg="    Fetching Additional Trust Bundle Config..."
time="2021-11-01T16:57:42Z" level=debug msg="      Fetching Install Config..."
time="2021-11-01T16:57:42Z" level=debug msg="      Reusing previously-fetched Install Config"
time="2021-11-01T16:57:42Z" level=debug msg="    Generating Additional Trust Bundle Config..."
time="2021-11-01T16:57:42Z" level=debug msg="  Generating Infrastructure Config..."
time="2021-11-01T16:57:42Z" level=debug msg="  Fetching Network Config..."
time="2021-11-01T16:57:42Z" level=debug msg="    Fetching Install Config..."
time="2021-11-01T16:57:42Z" level=debug msg="    Reusing previously-fetched Install Config"
time="2021-11-01T16:57:42Z" level=debug msg="    Fetching Network CRDs..."
time="2021-11-01T16:57:42Z" level=debug msg="    Generating Network CRDs..."
time="2021-11-01T16:57:42Z" level=debug msg="  Generating Network Config..."
time="2021-11-01T16:57:42Z" level=debug msg="  Fetching Proxy Config..."
time="2021-11-01T16:57:42Z" level=debug msg="    Fetching Install Config..."
time="2021-11-01T16:57:42Z" level=debug msg="    Reusing previously-fetched Install Config"
time="2021-11-01T16:57:42Z" level=debug msg="    Fetching Network Config..."
time="2021-11-01T16:57:42Z" level=debug msg="    Reusing previously-fetched Network Config"
time="2021-11-01T16:57:42Z" level=debug msg="  Generating Proxy Config..."
time="2021-11-01T16:57:42Z" level=debug msg="  Fetching Scheduler Config..."
time="2021-11-01T16:57:42Z" level=debug msg="    Fetching Install Config..."
time="2021-11-01T16:57:42Z" level=debug msg="    Reusing previously-fetched Install Config"
time="2021-11-01T16:57:42Z" level=debug msg="  Generating Scheduler Config..."
time="2021-11-01T16:57:42Z" level=warning msg="Making control-plane schedulable by setting MastersSchedulable to true for Scheduler cluster settings"
time="2021-11-01T16:57:42Z" level=debug msg="  Fetching Image Content Source Policy..."
time="2021-11-01T16:57:42Z" level=debug msg="    Fetching Install Config..."
time="2021-11-01T16:57:42Z" level=debug msg="    Reusing previously-fetched Install Config"
time="2021-11-01T16:57:42Z" level=debug msg="  Generating Image Content Source Policy..."
time="2021-11-01T16:57:42Z" level=debug msg="  Fetching Root CA..."
time="2021-11-01T16:57:42Z" level=debug msg="  Reusing previously-fetched Root CA"
time="2021-11-01T16:57:42Z" level=debug msg="  Fetching Certificate (mcs)..."
time="2021-11-01T16:57:42Z" level=debug msg="    Fetching Root CA..."
time="2021-11-01T16:57:42Z" level=debug msg="    Reusing previously-fetched Root CA"
time="2021-11-01T16:57:42Z" level=debug msg="    Fetching Install Config..."
time="2021-11-01T16:57:42Z" level=debug msg="    Reusing previously-fetched Install Config"
time="2021-11-01T16:57:42Z" level=debug msg="  Generating Certificate (mcs)..."
time="2021-11-01T16:57:42Z" level=debug msg="  Fetching CVOOverrides..."
time="2021-11-01T16:57:42Z" level=debug msg="  Generating CVOOverrides..."
time="2021-11-01T16:57:42Z" level=debug msg="  Fetching KubeCloudConfig..."
time="2021-11-01T16:57:42Z" level=debug msg="  Generating KubeCloudConfig..."
time="2021-11-01T16:57:42Z" level=debug msg="  Fetching KubeSystemConfigmapRootCA..."
time="2021-11-01T16:57:42Z" level=debug msg="  Generating KubeSystemConfigmapRootCA..."
time="2021-11-01T16:57:42Z" level=debug msg="  Fetching MachineConfigServerTLSSecret..."
time="2021-11-01T16:57:42Z" level=debug msg="  Generating MachineConfigServerTLSSecret..."
time="2021-11-01T16:57:42Z" level=debug msg="  Fetching OpenshiftConfigSecretPullSecret..."
time="2021-11-01T16:57:42Z" level=debug msg="  Generating OpenshiftConfigSecretPullSecret..."
time="2021-11-01T16:57:42Z" level=debug msg="  Fetching OpenshiftMachineConfigOperator..."
time="2021-11-01T16:57:42Z" level=debug msg="  Generating OpenshiftMachineConfigOperator..."
time="2021-11-01T16:57:42Z" level=debug msg="  Fetching KubevirtInfraNamespace..."
time="2021-11-01T16:57:42Z" level=debug msg="  Generating KubevirtInfraNamespace..."
time="2021-11-01T16:57:42Z" level=debug msg="Generating Common Manifests..."
time="2021-11-01T16:57:42Z" level=debug msg="Fetching Openshift Manifests..."
time="2021-11-01T16:57:42Z" level=debug msg="Loading Openshift Manifests..."
time="2021-11-01T16:57:42Z" level=debug msg="  Loading Install Config..."
time="2021-11-01T16:57:42Z" level=debug msg="  Loading Cluster ID..."
time="2021-11-01T16:57:42Z" level=debug msg="  Loading Kubeadmin Password..."
time="2021-11-01T16:57:42Z" level=debug msg="  Loading OpenShift Install (Manifests)..."
time="2021-11-01T16:57:42Z" level=debug msg="  Loading CloudCredsSecret..."
time="2021-11-01T16:57:42Z" level=debug msg="  Loading KubeadminPasswordSecret..."
time="2021-11-01T16:57:42Z" level=debug msg="  Loading RoleCloudCredsSecretReader..."
time="2021-11-01T16:57:42Z" level=debug msg="  Loading Baremetal Config CR..."
time="2021-11-01T16:57:42Z" level=debug msg="  Loading Image..."
time="2021-11-01T16:57:42Z" level=debug msg="  Loading AzureCloudProviderSecret..."
time="2021-11-01T16:57:42Z" level=debug msg="  Fetching Install Config..."
time="2021-11-01T16:57:42Z" level=debug msg="  Reusing previously-fetched Install Config"
time="2021-11-01T16:57:42Z" level=debug msg="  Fetching Cluster ID..."
time="2021-11-01T16:57:42Z" level=debug msg="  Reusing previously-fetched Cluster ID"
time="2021-11-01T16:57:42Z" level=debug msg="  Fetching Kubeadmin Password..."
time="2021-11-01T16:57:42Z" level=debug msg="  Generating Kubeadmin Password..."
time="2021-11-01T16:57:42Z" level=debug msg="  Fetching OpenShift Install (Manifests)..."
time="2021-11-01T16:57:42Z" level=debug msg="  Generating OpenShift Install (Manifests)..."
time="2021-11-01T16:57:42Z" level=debug msg="  Fetching CloudCredsSecret..."
time="2021-11-01T16:57:42Z" level=debug msg="  Generating CloudCredsSecret..."
time="2021-11-01T16:57:42Z" level=debug msg="  Fetching KubeadminPasswordSecret..."
time="2021-11-01T16:57:42Z" level=debug msg="  Generating KubeadminPasswordSecret..."
time="2021-11-01T16:57:42Z" level=debug msg="  Fetching RoleCloudCredsSecretReader..."
time="2021-11-01T16:57:42Z" level=debug msg="  Generating RoleCloudCredsSecretReader..."
time="2021-11-01T16:57:42Z" level=debug msg="  Fetching Baremetal Config CR..."
time="2021-11-01T16:57:42Z" level=debug msg="  Generating Baremetal Config CR..."
time="2021-11-01T16:57:42Z" level=debug msg="  Fetching Image..."
time="2021-11-01T16:57:42Z" level=debug msg="  Reusing previously-fetched Image"
time="2021-11-01T16:57:42Z" level=debug msg="  Fetching AzureCloudProviderSecret..."
time="2021-11-01T16:57:42Z" level=debug msg="  Generating AzureCloudProviderSecret..."
time="2021-11-01T16:57:42Z" level=debug msg="Generating Openshift Manifests..."
time="2021-11-01T16:57:42Z" level=info msg="Manifests created in: install-dir/manifests and install-dir/openshift"
